# JRE version: Java(TM) SE Runtime Environment (12.0+33) (build 12+33)
# Java VM: Java HotSpot(TM) 64-Bit Server VM (12+33, mixed mode, sharing, tiered, compressed oops, g1 gc, windows-amd64)
Heap:
 garbage-first heap   total 347136K, used 207708K [0x0000000701000000, 0x0000000800000000)
  region size 1024K, 11 young (11264K), 7 survivors (7168K)
 Metaspace       used 14016K, capacity 14450K, committed 14720K, reserved 1062912K
  class space    used 1456K, capacity 1637K, committed 1664K, reserved 1048576K
GC Heap History (10 events):
Event: 824.518 GC heap before
{Heap before GC invocations=15 (full 0):
 garbage-first heap   total 262144K, used 221429K [0x0000000701000000, 0x0000000800000000)
  region size 1024K, 74 young (75776K), 3 survivors (3072K)
 Metaspace       used 13887K, capacity 14315K, committed 14464K, reserved 1062912K
  class space    used 1452K, capacity 1636K, committed 1664K, reserved 1048576K
}
Event: 824.520 GC heap after
{Heap after GC invocations=16 (full 0):
 garbage-first heap   total 262144K, used 148704K [0x0000000701000000, 0x0000000800000000)
  region size 1024K, 3 young (3072K), 3 survivors (3072K)
 Metaspace       used 13887K, capacity 14315K, committed 14464K, reserved 1062912K
  class space    used 1452K, capacity 1636K, committed 1664K, reserved 1048576K
}
Event: 1029.172 GC heap before
{Heap before GC invocations=16 (full 0):
 garbage-first heap   total 262144K, used 221408K [0x0000000701000000, 0x0000000800000000)
  region size 1024K, 74 young (75776K), 3 survivors (3072K)
 Metaspace       used 13887K, capacity 14315K, committed 14464K, reserved 1062912K
  class space    used 1452K, capacity 1636K, committed 1664K, reserved 1048576K
}
Event: 1029.174 GC heap after
{Heap after GC invocations=17 (full 0):
 garbage-first heap   total 262144K, used 148727K [0x0000000701000000, 0x0000000800000000)
  region size 1024K, 3 young (3072K), 3 survivors (3072K)
 Metaspace       used 13887K, capacity 14315K, committed 14464K, reserved 1062912K
  class space    used 1452K, capacity 1636K, committed 1664K, reserved 1048576K
}
Event: 1237.621 GC heap before
{Heap before GC invocations=18 (full 0):
 garbage-first heap   total 262144K, used 222455K [0x0000000701000000, 0x0000000800000000)
  region size 1024K, 75 young (76800K), 3 survivors (3072K)
 Metaspace       used 13908K, capacity 14318K, committed 14464K, reserved 1062912K
  class space    used 1452K, capacity 1637K, committed 1664K, reserved 1048576K
}
Event: 1237.622 GC heap after
{Heap after GC invocations=19 (full 0):
 garbage-first heap   total 262144K, used 148906K [0x0000000701000000, 0x0000000800000000)
  region size 1024K, 4 young (4096K), 4 survivors (4096K)
 Metaspace       used 13908K, capacity 14318K, committed 14464K, reserved 1062912K
  class space    used 1452K, capacity 1637K, committed 1664K, reserved 1048576K
}
Event: 1238.102 GC heap before
{Heap before GC invocations=19 (full 0):
 garbage-first heap   total 262144K, used 149930K [0x0000000701000000, 0x0000000800000000)
  region size 1024K, 6 young (6144K), 4 survivors (4096K)
 Metaspace       used 13909K, capacity 14318K, committed 14464K, reserved 1062912K
  class space    used 1452K, capacity 1637K, committed 1664K, reserved 1048576K
}
Event: 1238.103 GC heap after
{Heap after GC invocations=20 (full 0):
 garbage-first heap   total 262144K, used 149070K [0x0000000701000000, 0x0000000800000000)
  region size 1024K, 4 young (4096K), 4 survivors (4096K)
 Metaspace       used 13909K, capacity 14318K, committed 14464K, reserved 1062912K
  class space    used 1452K, capacity 1637K, committed 1664K, reserved 1048576K
}
Event: 1264.838 GC heap before
{Heap before GC invocations=21 (full 0):
 garbage-first heap   total 334848K, used 244302K [0x0000000701000000, 0x0000000800000000)
  region size 1024K, 51 young (52224K), 4 survivors (4096K)
 Metaspace       used 13974K, capacity 14382K, committed 14464K, reserved 1062912K
  class space    used 1452K, capacity 1637K, committed 1664K, reserved 1048576K
}
Event: 1264.841 GC heap after
{Heap after GC invocations=22 (full 0):
 garbage-first heap   total 334848K, used 201564K [0x0000000701000000, 0x0000000800000000)
  region size 1024K, 7 young (7168K), 7 survivors (7168K)
 Metaspace       used 13974K, capacity 14382K, committed 14464K, reserved 1062912K
  class space    used 1452K, capacity 1637K, committed 1664K, reserved 1048576K
}

